DEBUG - 2025-12-02 11:38:13 --> Session: Class initialized using 'CodeIgniter\Session\Handlers\FileHandler' driver.
DEBUG - 2025-12-02 11:40:46 --> Session: Class initialized using 'CodeIgniter\Session\Handlers\FileHandler' driver.
DEBUG - 2025-12-02 11:44:19 --> Session: Class initialized using 'CodeIgniter\Session\Handlers\FileHandler' driver.
DEBUG - 2025-12-02 11:44:44 --> Session: Class initialized using 'CodeIgniter\Session\Handlers\FileHandler' driver.
DEBUG - 2025-12-02 11:44:50 --> Session: Class initialized using 'CodeIgniter\Session\Handlers\FileHandler' driver.
DEBUG - 2025-12-02 11:44:52 --> Session: Class initialized using 'CodeIgniter\Session\Handlers\FileHandler' driver.
DEBUG - 2025-12-02 11:45:08 --> Session: Class initialized using 'CodeIgniter\Session\Handlers\FileHandler' driver.
DEBUG - 2025-12-02 11:45:18 --> Session: Class initialized using 'CodeIgniter\Session\Handlers\FileHandler' driver.
DEBUG - 2025-12-02 11:45:18 --> Session: Class initialized using 'CodeIgniter\Session\Handlers\FileHandler' driver.
DEBUG - 2025-12-02 11:45:20 --> Session: Class initialized using 'CodeIgniter\Session\Handlers\FileHandler' driver.
DEBUG - 2025-12-02 11:45:25 --> Session: Class initialized using 'CodeIgniter\Session\Handlers\FileHandler' driver.
DEBUG - 2025-12-02 11:45:32 --> Session: Class initialized using 'CodeIgniter\Session\Handlers\FileHandler' driver.
ERROR - 2025-12-02 11:45:32 --> mysqli_sql_exception: Unknown column 'DISTINCT' in 'field list' in C:\xampp\htdocs\proyecto_sanchez_galvez\system\Database\MySQLi\Connection.php:327
Stack trace:
#0 C:\xampp\htdocs\proyecto_sanchez_galvez\system\Database\MySQLi\Connection.php(327): mysqli->query('SELECT `DISTINC...', 0)
#1 C:\xampp\htdocs\proyecto_sanchez_galvez\system\Database\BaseConnection.php(738): CodeIgniter\Database\MySQLi\Connection->execute('SELECT `DISTINC...')
#2 C:\xampp\htdocs\proyecto_sanchez_galvez\system\Database\BaseConnection.php(652): CodeIgniter\Database\BaseConnection->simpleQuery('SELECT `DISTINC...')
#3 C:\xampp\htdocs\proyecto_sanchez_galvez\system\Database\BaseBuilder.php(1649): CodeIgniter\Database\BaseConnection->query('SELECT `DISTINC...', Array, false)
#4 C:\xampp\htdocs\proyecto_sanchez_galvez\app\Controllers\Orders.php(136): CodeIgniter\Database\BaseBuilder->get()
#5 C:\xampp\htdocs\proyecto_sanchez_galvez\system\CodeIgniter.php(933): App\Controllers\Orders->all()
#6 C:\xampp\htdocs\proyecto_sanchez_galvez\system\CodeIgniter.php(507): CodeIgniter\CodeIgniter->runController(Object(App\Controllers\Orders))
#7 C:\xampp\htdocs\proyecto_sanchez_galvez\system\CodeIgniter.php(354): CodeIgniter\CodeIgniter->handleRequest(NULL, Object(Config\Cache), false)
#8 C:\xampp\htdocs\proyecto_sanchez_galvez\system\Boot.php(334): CodeIgniter\CodeIgniter->run()
#9 C:\xampp\htdocs\proyecto_sanchez_galvez\system\Boot.php(67): CodeIgniter\Boot::runCodeIgniter(Object(CodeIgniter\CodeIgniter))
#10 C:\xampp\htdocs\proyecto_sanchez_galvez\index.php(56): CodeIgniter\Boot::bootWeb(Object(Config\Paths))
#11 {main}
CRITICAL - 2025-12-02 11:45:32 --> CodeIgniter\Database\Exceptions\DatabaseException: Unknown column 'DISTINCT' in 'field list'
[Method: GET, Route: orders/all]
in SYSTEMPATH\Database\BaseConnection.php on line 692.
 1 SYSTEMPATH\Database\BaseBuilder.php(1649): CodeIgniter\Database\BaseConnection->query('SELECT `DISTINCT` `order_id`
FROM `order_items`
JOIN `products` ON `products`.`id` = `order_items`.`product_id`
WHERE `products`.`name` LIKE :products.name: ESCAPE \'!\'', [...], false)
 2 APPPATH\Controllers\Orders.php(136): CodeIgniter\Database\BaseBuilder->get()
 3 SYSTEMPATH\CodeIgniter.php(933): App\Controllers\Orders->all()
 4 SYSTEMPATH\CodeIgniter.php(507): CodeIgniter\CodeIgniter->runController(Object(App\Controllers\Orders))
 5 SYSTEMPATH\CodeIgniter.php(354): CodeIgniter\CodeIgniter->handleRequest(null, Object(Config\Cache), false)
 6 SYSTEMPATH\Boot.php(334): CodeIgniter\CodeIgniter->run()
 7 SYSTEMPATH\Boot.php(67): CodeIgniter\Boot::runCodeIgniter(Object(CodeIgniter\CodeIgniter))
 8 FCPATH\index.php(56): CodeIgniter\Boot::bootWeb(Object(Config\Paths))
CRITICAL - 2025-12-02 11:45:32 --> [Caused by] CodeIgniter\Database\Exceptions\DatabaseException: Unknown column 'DISTINCT' in 'field list'
in SYSTEMPATH\Database\MySQLi\Connection.php on line 332.
 1 SYSTEMPATH\Database\BaseConnection.php(738): CodeIgniter\Database\MySQLi\Connection->execute('SELECT `DISTINCT` `order_id`
FROM `order_items`
JOIN `products` ON `products`.`id` = `order_items`.`product_id`
WHERE `products`.`name` LIKE \'%benjamin%\' ESCAPE \'!\'')
 2 SYSTEMPATH\Database\BaseConnection.php(652): CodeIgniter\Database\BaseConnection->simpleQuery('SELECT `DISTINCT` `order_id`
FROM `order_items`
JOIN `products` ON `products`.`id` = `order_items`.`product_id`
WHERE `products`.`name` LIKE \'%benjamin%\' ESCAPE \'!\'')
 3 SYSTEMPATH\Database\BaseBuilder.php(1649): CodeIgniter\Database\BaseConnection->query('SELECT `DISTINCT` `order_id`
FROM `order_items`
JOIN `products` ON `products`.`id` = `order_items`.`product_id`
WHERE `products`.`name` LIKE :products.name: ESCAPE \'!\'', [...], false)
 4 APPPATH\Controllers\Orders.php(136): CodeIgniter\Database\BaseBuilder->get()
 5 SYSTEMPATH\CodeIgniter.php(933): App\Controllers\Orders->all()
 6 SYSTEMPATH\CodeIgniter.php(507): CodeIgniter\CodeIgniter->runController(Object(App\Controllers\Orders))
 7 SYSTEMPATH\CodeIgniter.php(354): CodeIgniter\CodeIgniter->handleRequest(null, Object(Config\Cache), false)
 8 SYSTEMPATH\Boot.php(334): CodeIgniter\CodeIgniter->run()
 9 SYSTEMPATH\Boot.php(67): CodeIgniter\Boot::runCodeIgniter(Object(CodeIgniter\CodeIgniter))
10 FCPATH\index.php(56): CodeIgniter\Boot::bootWeb(Object(Config\Paths))
CRITICAL - 2025-12-02 11:45:32 --> [Caused by] mysqli_sql_exception: Unknown column 'DISTINCT' in 'field list'
in SYSTEMPATH\Database\MySQLi\Connection.php on line 327.
 1 SYSTEMPATH\Database\MySQLi\Connection.php(327): mysqli->query('SELECT `DISTINCT` `order_id`
FROM `order_items`
JOIN `products` ON `products`.`id` = `order_items`.`product_id`
WHERE `products`.`name` LIKE \'%benjamin%\' ESCAPE \'!\'', 0)
 2 SYSTEMPATH\Database\BaseConnection.php(738): CodeIgniter\Database\MySQLi\Connection->execute('SELECT `DISTINCT` `order_id`
FROM `order_items`
JOIN `products` ON `products`.`id` = `order_items`.`product_id`
WHERE `products`.`name` LIKE \'%benjamin%\' ESCAPE \'!\'')
 3 SYSTEMPATH\Database\BaseConnection.php(652): CodeIgniter\Database\BaseConnection->simpleQuery('SELECT `DISTINCT` `order_id`
FROM `order_items`
JOIN `products` ON `products`.`id` = `order_items`.`product_id`
WHERE `products`.`name` LIKE \'%benjamin%\' ESCAPE \'!\'')
 4 SYSTEMPATH\Database\BaseBuilder.php(1649): CodeIgniter\Database\BaseConnection->query('SELECT `DISTINCT` `order_id`
FROM `order_items`
JOIN `products` ON `products`.`id` = `order_items`.`product_id`
WHERE `products`.`name` LIKE :products.name: ESCAPE \'!\'', [...], false)
 5 APPPATH\Controllers\Orders.php(136): CodeIgniter\Database\BaseBuilder->get()
 6 SYSTEMPATH\CodeIgniter.php(933): App\Controllers\Orders->all()
 7 SYSTEMPATH\CodeIgniter.php(507): CodeIgniter\CodeIgniter->runController(Object(App\Controllers\Orders))
 8 SYSTEMPATH\CodeIgniter.php(354): CodeIgniter\CodeIgniter->handleRequest(null, Object(Config\Cache), false)
 9 SYSTEMPATH\Boot.php(334): CodeIgniter\CodeIgniter->run()
10 SYSTEMPATH\Boot.php(67): CodeIgniter\Boot::runCodeIgniter(Object(CodeIgniter\CodeIgniter))
11 FCPATH\index.php(56): CodeIgniter\Boot::bootWeb(Object(Config\Paths))
DEBUG - 2025-12-02 11:46:08 --> Session: Class initialized using 'CodeIgniter\Session\Handlers\FileHandler' driver.
DEBUG - 2025-12-02 11:46:11 --> Session: Class initialized using 'CodeIgniter\Session\Handlers\FileHandler' driver.
